
> backend@1.0.0 dev
> tsx server.ts

Server running on port 3000 and listening on 0.0.0.0
127.0.0.1 - - [05/Sep/2025:12:10:56 +0000] "GET /api/auth/register HTTP/1.1" 405 144 "-" "curl/7.88.1"
Registration request body: {
  "email": "testuser2@test.com",
  "password_hash": "testpass123",
  "first_name": "Test",
  "last_name": "User2",
  "phone": "+1-555-1235"
}
Validated data: {
  "email": "testuser2@test.com",
  "password_hash": "testpass123",
  "first_name": "Test",
  "last_name": "User2",
  "phone": "+1-555-1235"
}
127.0.0.1 - - [05/Sep/2025:12:11:02 +0000] "POST /api/auth/register HTTP/1.1" 201 553 "-" "curl/7.88.1"
Registration request body: {
  "email": "invalid-email",
  "password_hash": "",
  "first_name": "",
  "last_name": "User"
}
Registration validation error: [
  {
    validation: 'email',
    code: 'invalid_string',
    message: 'Invalid email',
    path: [ 'email' ]
  },
  {
    code: 'too_small',
    minimum: 1,
    type: 'string',
    inclusive: true,
    exact: false,
    message: 'String must contain at least 1 character(s)',
    path: [ 'password_hash' ]
  },
  {
    code: 'too_small',
    minimum: 1,
    type: 'string',
    inclusive: true,
    exact: false,
    message: 'String must contain at least 1 character(s)',
    path: [ 'first_name' ]
  },
  {
    code: 'invalid_type',
    expected: 'string',
    received: 'undefined',
    path: [ 'phone' ],
    message: 'Required'
  }
]
127.0.0.1 - - [05/Sep/2025:12:11:07 +0000] "POST /api/auth/register HTTP/1.1" 400 130 "-" "curl/7.88.1"
